<?xml version="1.0" encoding="UTF-8"?>
<testsuite xmlns:xsi="http://www.w3.org/2001/XMLSchema-instance" xsi:noNamespaceSchemaLocation="https://maven.apache.org/surefire/maven-surefire-plugin/xsd/surefire-test-report.xsd" name="com.example.books.services.impl.BookManagerImplTest" time="0.03" tests="6" errors="0" skipped="0" failures="0">
  <properties>
[...]
</properties>
  <testcase name="testAddBook" classname="com.example.books.services.impl.BookManagerImplTest" time="0.006"/>
  <testcase name="testGetBookBytitle" classname="com.example.books.services.impl.BookManagerImplTest" time="0"/>
  <testcase name="testGetAllBooks" classname="com.example.books.services.impl.BookManagerImplTest" time="0"/>
  <testcase name="testUpdateBook" classname="com.example.books.services.impl.BookManagerImplTest" time="0"/>
  <testcase name="testGetBookById" classname="com.example.books.services.impl.BookManagerImplTest" time="0"/>
  <testcase name="testDeleteBook" classname="com.example.books.services.impl.BookManagerImplTest" time="0"/>
</testsuite>